Using pre-set license
Built from '2021.3/china_unity/release' branch; Version is '2021.3.4f1c1 (64682593795a) revision 6580261'; Using compiler version '192829333'; Build Type 'Release'
OS: 'Windows 11  (10.0.22000) 64bit CoreCountrySpecific' Language: 'zh' Physical Memory: 16303 MB
BatchMode: 1, IsHumanControllingUs: 0, StartBugReporterOnCrash: 0, Is64bit: 1, IsPro: 1

COMMAND LINE ARGUMENTS:
D:\Program Files\Editor\2021.3.4f1c1\Editor\Unity.exe
-adb2
-batchMode
-noUpm
-name
AssetImportWorker0
-projectPath
D:/UnityProjects/RobbieLearning_Unity2D/Robbie
-logFile
Logs/AssetImportWorker0.log
-srvPort
6433
Successfully changed project path to: D:/UnityProjects/RobbieLearning_Unity2D/Robbie
D:/UnityProjects/RobbieLearning_Unity2D/Robbie
[UnityMemory] Configuration Parameters - Can be set up in boot.config
    "memorysetup-bucket-allocator-granularity=16"
    "memorysetup-bucket-allocator-bucket-count=8"
    "memorysetup-bucket-allocator-block-size=33554432"
    "memorysetup-bucket-allocator-block-count=8"
    "memorysetup-main-allocator-block-size=16777216"
    "memorysetup-thread-allocator-block-size=16777216"
    "memorysetup-gfx-main-allocator-block-size=16777216"
    "memorysetup-gfx-thread-allocator-block-size=16777216"
    "memorysetup-cache-allocator-block-size=4194304"
    "memorysetup-typetree-allocator-block-size=2097152"
    "memorysetup-profiler-bucket-allocator-granularity=16"
    "memorysetup-profiler-bucket-allocator-bucket-count=8"
    "memorysetup-profiler-bucket-allocator-block-size=33554432"
    "memorysetup-profiler-bucket-allocator-block-count=8"
    "memorysetup-profiler-allocator-block-size=16777216"
    "memorysetup-profiler-editor-allocator-block-size=1048576"
    "memorysetup-temp-allocator-size-main=16777216"
    "memorysetup-job-temp-allocator-block-size=2097152"
    "memorysetup-job-temp-allocator-block-size-background=1048576"
    "memorysetup-job-temp-allocator-reduction-small-platforms=262144"
    "memorysetup-temp-allocator-size-background-worker=32768"
    "memorysetup-temp-allocator-size-job-worker=262144"
    "memorysetup-temp-allocator-size-preload-manager=33554432"
    "memorysetup-temp-allocator-size-nav-mesh-worker=65536"
    "memorysetup-temp-allocator-size-audio-worker=65536"
    "memorysetup-temp-allocator-size-cloud-worker=32768"
    "memorysetup-temp-allocator-size-gi-baking-worker=262144"
    "memorysetup-temp-allocator-size-gfx=262144"
AS: AutoStreaming module initializing.
Refreshing native plugins compatible for Editor in 216.27 ms, found 4 plugins.
Preloading 0 native plugins for Editor in 0.00 ms.
Initialize engine version: 2021.3.4f1c1 (64682593795a)
[Subsystems] Discovering subsystems at path D:/Program Files/Editor/2021.3.4f1c1/Editor/Data/Resources/UnitySubsystems
[Subsystems] Discovering subsystems at path D:/UnityProjects/RobbieLearning_Unity2D/Robbie/Assets
GfxDevice: creating device client; threaded=0; jobified=0
Direct3D:
    Version:  Direct3D 11.0 [level 11.1]
    Renderer: NVIDIA GeForce GTX 1660 Ti (ID=0x2191)
    Vendor:   NVIDIA
    VRAM:     5991 MB
    Driver:   27.21.14.5749
Initialize mono
Mono path[0] = 'D:/Program Files/Editor/2021.3.4f1c1/Editor/Data/Managed'
Mono path[1] = 'D:/Program Files/Editor/2021.3.4f1c1/Editor/Data/MonoBleedingEdge/lib/mono/unityjit-win32'
Mono config path = 'D:/Program Files/Editor/2021.3.4f1c1/Editor/Data/MonoBleedingEdge/etc'
Using monoOptions --debugger-agent=transport=dt_socket,embedding=1,server=y,suspend=n,address=127.0.0.1:56736
Begin MonoManager ReloadAssembly
Registering precompiled unity dll's ...
Register platform support module: D:/Program Files/Editor/2021.3.4f1c1/Editor/Data/PlaybackEngines/WebGLSupport/UnityEditor.WebGL.Extensions.dll
Register platform support module: D:/Program Files/Editor/2021.3.4f1c1/Editor/Data/PlaybackEngines/WindowsStandaloneSupport/UnityEditor.WindowsStandalone.Extensions.dll
Registered in 0.006267 seconds.
Native extension for WindowsStandalone target not found
Native extension for WebGL target not found
Refreshing native plugins compatible for Editor in 143.18 ms, found 4 plugins.
Preloading 0 native plugins for Editor in 0.00 ms.
Mono: successfully reloaded assembly
- Completed reload, in  1.069 seconds
Domain Reload Profiling:
	ReloadAssembly (1070ms)
		BeginReloadAssembly (170ms)
			ExecutionOrderSort (0ms)
			DisableScriptedObjects (0ms)
			BackupInstance (0ms)
			ReleaseScriptingObjects (0ms)
			CreateAndSetChildDomain (1ms)
		EndReloadAssembly (720ms)
			LoadAssemblies (162ms)
			RebuildTransferFunctionScriptingTraits (0ms)
			SetupTypeCache (179ms)
			ReleaseScriptCaches (0ms)
			RebuildScriptCaches (41ms)
			SetupLoadedEditorAssemblies (419ms)
				LogAssemblyErrors (0ms)
				InitializePlatformSupportModulesInManaged (11ms)
				SetLoadedEditorAssemblies (0ms)
				RefreshPlugins (143ms)
				BeforeProcessingInitializeOnLoad (1ms)
				ProcessInitializeOnLoadAttributes (190ms)
				ProcessInitializeOnLoadMethodAttributes (72ms)
				AfterProcessingInitializeOnLoad (0ms)
				EditorAssembliesLoaded (0ms)
			ExecutionOrderSort2 (0ms)
			AwakeInstancesAfterBackupRestoration (0ms)
Platform modules already initialized, skipping
Registering precompiled user dll's ...
Registered in 0.033642 seconds.
Begin MonoManager ReloadAssembly
Symbol file LoadedFromMemory doesn't match image D:\UnityProjects\RobbieLearning_Unity2D\Robbie\Library\PackageCache\com.unity.visualscripting@1.7.8\Editor\VisualScripting.Core\Dependencies\YamlDotNet\Unity.VisualScripting.YamlDotNet.dll
Symbol file LoadedFromMemory doesn't match image D:\UnityProjects\RobbieLearning_Unity2D\Robbie\Library\PackageCache\com.unity.visualscripting@1.7.8\Editor\VisualScripting.Core\Dependencies\DotNetZip\Unity.VisualScripting.IonicZip.dll
Native extension for WindowsStandalone target not found
Native extension for WebGL target not found
Refreshing native plugins compatible for Editor in 161.68 ms, found 4 plugins.
Preloading 0 native plugins for Editor in 0.00 ms.
Mono: successfully reloaded assembly
- Completed reload, in  2.037 seconds
Domain Reload Profiling:
	ReloadAssembly (2039ms)
		BeginReloadAssembly (237ms)
			ExecutionOrderSort (0ms)
			DisableScriptedObjects (10ms)
			BackupInstance (0ms)
			ReleaseScriptingObjects (0ms)
			CreateAndSetChildDomain (27ms)
		EndReloadAssembly (1586ms)
			LoadAssemblies (220ms)
			RebuildTransferFunctionScriptingTraits (0ms)
			SetupTypeCache (415ms)
			ReleaseScriptCaches (1ms)
			RebuildScriptCaches (89ms)
			SetupLoadedEditorAssemblies (807ms)
				LogAssemblyErrors (0ms)
				InitializePlatformSupportModulesInManaged (10ms)
				SetLoadedEditorAssemblies (0ms)
				RefreshPlugins (162ms)
				BeforeProcessingInitializeOnLoad (172ms)
				ProcessInitializeOnLoadAttributes (374ms)
				ProcessInitializeOnLoadMethodAttributes (64ms)
				AfterProcessingInitializeOnLoad (25ms)
				EditorAssembliesLoaded (0ms)
			ExecutionOrderSort2 (0ms)
			AwakeInstancesAfterBackupRestoration (15ms)
Platform modules already initialized, skipping
========================================================================
Worker process is ready to serve import requests
Launched and connected shader compiler UnityShaderCompiler.exe after 0.18 seconds
Refreshing native plugins compatible for Editor in 1.68 ms, found 4 plugins.
Preloading 0 native plugins for Editor in 0.00 ms.
Unloading 4240 Unused Serialized files (Serialized files now loaded: 0)
Unloading 58 unused Assets / (293.4 KB). Loaded Objects now: 4693.
Memory consumption went from 160.5 MB to 160.3 MB.
Total: 7.649200 ms (FindLiveObjects: 0.417300 ms CreateObjectMapping: 0.332900 ms MarkObjects: 6.572100 ms  DeleteObjects: 0.325300 ms)

AssetImportParameters requested are different than current active one (requested -> active):
  custom:video-decoder-ogg-theora: a1e56fd34408186e4bbccfd4996cb3dc -> 
  custom:container-muxer-webm: aa71ff27fc2769a1b78a27578f13a17b -> 
  custom:container-demuxer-webm: 4f35f7cbe854078d1ac9338744f61a02 -> 
  custom:video-encoder-webm-vp8: eb34c28f22e8b96e1ab97ce403110664 -> 
  custom:video-codec-MediaFoundation-h265: 746d11721c4dcdbdad8f713fa42b33f4 -> 
  custom:audio-encoder-webm-vorbis: bf7c407c2cedff20999df2af8eb42d56 -> 
  custom:framework-win-MediaFoundation: 216162199b28c13a410421893ffa2e32 -> 
  custom:container-demuxer-ogg: 62fdf1f143b41e24485cea50d1cbac27 -> 
  custom:video-decoder-webm-vp8: 9c59270c3fd7afecdb556c50c9e8de78 -> 
  custom:audio-decoder-ogg-vorbis: bf7c407c2cedff20999df2af8eb42d56 -> 
========================================================================
Received Import Request.
  Time since last request: 35062.133163 seconds.
  path: Assets/Tilemaps/Brushes
  artifactKey: Guid(2560cced21ba27e48b3f0605fbbb5c5f) Importer(815301076,1909f56bfc062723c751e8b465ee728b)
Start importing Assets/Tilemaps/Brushes using Guid(2560cced21ba27e48b3f0605fbbb5c5f) Importer(815301076,1909f56bfc062723c751e8b465ee728b)  -> (artifact id: '713bbf9d583630a9dcd3261b7368e288') in 0.011216 seconds 
========================================================================
Received Import Request.
  Time since last request: 8.542360 seconds.
  path: Assets/Tilemaps/Brushes/New Brush.brush
  artifactKey: Guid(f714be00ca7af16479f7828ee45e1ba9) Importer(815301076,1909f56bfc062723c751e8b465ee728b)
Start importing Assets/Tilemaps/Brushes/New Brush.brush using Guid(f714be00ca7af16479f7828ee45e1ba9) Importer(815301076,1909f56bfc062723c751e8b465ee728b)  -> (artifact id: 'da7d4679fad0f37f5f8a2472af35124d') in 0.152419 seconds 
========================================================================
Received Import Request.
  Time since last request: 145.174437 seconds.
  path: Assets/Tilemaps/Tiles/Platforms/Platforms.prefab
  artifactKey: Guid(61d7ee8702ad2894898ca92c08c10cff) Importer(815301076,1909f56bfc062723c751e8b465ee728b)
Start importing Assets/Tilemaps/Tiles/Platforms/Platforms.prefab using Guid(61d7ee8702ad2894898ca92c08c10cff) Importer(815301076,1909f56bfc062723c751e8b465ee728b)  -> (artifact id: '910bc3902c156cd60a43c974756d0cf0') in 0.102652 seconds 
========================================================================
Received Import Request.
  Time since last request: 1.676631 seconds.
  path: Assets/Tilemaps/Tiles/Shadows/Shadows.prefab
  artifactKey: Guid(f25674cfcbd301645902df857eba5cc4) Importer(815301076,1909f56bfc062723c751e8b465ee728b)
Start importing Assets/Tilemaps/Tiles/Shadows/Shadows.prefab using Guid(f25674cfcbd301645902df857eba5cc4) Importer(815301076,1909f56bfc062723c751e8b465ee728b)  -> (artifact id: 'c074b5e718a29166ec0a24a8ce1269c7') in 0.031887 seconds 
========================================================================
Received Import Request.
  Time since last request: 2.186370 seconds.
  path: Assets/VFX/Materials/Bling.mat
  artifactKey: Guid(5603f1d661763174b9833e615f153735) Importer(815301076,1909f56bfc062723c751e8b465ee728b)
Start importing Assets/VFX/Materials/Bling.mat using Guid(5603f1d661763174b9833e615f153735) Importer(815301076,1909f56bfc062723c751e8b465ee728b)  -> (artifact id: 'c31e59fa97c92d93fc2444c41a611a4f') in 0.063592 seconds 
========================================================================
Received Import Request.
  Time since last request: 0.231329 seconds.
  path: Assets/VFX/Materials/Smoke Puff.mat
  artifactKey: Guid(bd6c7bb190fd44e7ab6cbb93ac86f276) Importer(815301076,1909f56bfc062723c751e8b465ee728b)
Start importing Assets/VFX/Materials/Smoke Puff.mat using Guid(bd6c7bb190fd44e7ab6cbb93ac86f276) Importer(815301076,1909f56bfc062723c751e8b465ee728b)  -> (artifact id: '2737d1695acfa43ad5b75b55e0b4563a') in 0.044255 seconds 
========================================================================
Received Import Request.
  Time since last request: 0.520007 seconds.
  path: Assets/VFX/Profiles/Explosion Shake.asset
  artifactKey: Guid(86f19195d8afa83448c31596ef830811) Importer(815301076,1909f56bfc062723c751e8b465ee728b)
Start importing Assets/VFX/Profiles/Explosion Shake.asset using Guid(86f19195d8afa83448c31596ef830811) Importer(815301076,1909f56bfc062723c751e8b465ee728b)  -> (artifact id: '663570f566f73b3c4d14ad38fdfd9bc1') in 0.012255 seconds 
========================================================================
Received Import Request.
  Time since last request: 0.000033 seconds.
  path: Assets/VFX/Profiles/Global Reference.asset
  artifactKey: Guid(dc541a838530a3c4ea973bee95873230) Importer(815301076,1909f56bfc062723c751e8b465ee728b)
Start importing Assets/VFX/Profiles/Global Reference.asset using Guid(dc541a838530a3c4ea973bee95873230) Importer(815301076,1909f56bfc062723c751e8b465ee728b)  -> (artifact id: 'e100ae59a934ae32f922304bd986878a') in 0.005690 seconds 
========================================================================
Received Import Request.
  Time since last request: 3.331988 seconds.
  path: Assets/VFX/Textures/Glow.psd
  artifactKey: Guid(768ef220158010447989b75f27bcacbc) Importer(815301076,1909f56bfc062723c751e8b465ee728b)
Start importing Assets/VFX/Textures/Glow.psd using Guid(768ef220158010447989b75f27bcacbc) Importer(815301076,1909f56bfc062723c751e8b465ee728b)  -> (artifact id: '9565edcacb47f633b9f2f7b44f81656d') in 0.082762 seconds 
========================================================================
Received Import Request.
  Time since last request: 0.000039 seconds.
  path: Assets/VFX/Textures/Orb Bling.png
  artifactKey: Guid(a67b430b1d4a6794188d7bbf3ec7621f) Importer(815301076,1909f56bfc062723c751e8b465ee728b)
Start importing Assets/VFX/Textures/Orb Bling.png using Guid(a67b430b1d4a6794188d7bbf3ec7621f) Importer(815301076,1909f56bfc062723c751e8b465ee728b) 
=================================================================
	Native Crash Reporting
=================================================================
Got a UNKNOWN while executing native code. This usually indicates
a fatal error in the mono runtime or one of the native libraries 
used by your application.
=================================================================

=================================================================
	Managed Stacktrace:
=================================================================
=================================================================
 -> (artifact id: 'bbd43289bfc68cfad9530b7b52eb5247') in 0.181627 seconds 
========================================================================
Received Import Request.
  Time since last request: 0.000056 seconds.
  path: Assets/VFX/Textures/Smoke Puff.png
  artifactKey: Guid(28d02ee991b4548aba79f07c4ace0cc5) Importer(815301076,1909f56bfc062723c751e8b465ee728b)
Start importing Assets/VFX/Textures/Smoke Puff.png using Guid(28d02ee991b4548aba79f07c4ace0cc5) Importer(815301076,1909f56bfc062723c751e8b465ee728b)  -> (artifact id: 'd4f5c1c25c8ffe00f977e076aa98fe1c') in 0.025331 seconds 
========================================================================
Received Import Request.
  Time since last request: 8.652595 seconds.
  path: Assets/Robbie/Textures/hand2_normal.psd
  artifactKey: Guid(ddbd5a5640ed3d44bba626627068932c) Importer(815301076,1909f56bfc062723c751e8b465ee728b)
Start importing Assets/Robbie/Textures/hand2_normal.psd using Guid(ddbd5a5640ed3d44bba626627068932c) Importer(815301076,1909f56bfc062723c751e8b465ee728b)  -> (artifact id: 'eac54f61e72257d6cb743f99dc865a75') in 0.027764 seconds 
========================================================================
Received Import Request.
  Time since last request: 0.000042 seconds.
  path: Assets/Robbie/Textures/head_outline.psd
  artifactKey: Guid(fb9750d9a7af6164f94cc6d927445fd5) Importer(815301076,1909f56bfc062723c751e8b465ee728b)
Start importing Assets/Robbie/Textures/head_outline.psd using Guid(fb9750d9a7af6164f94cc6d927445fd5) Importer(815301076,1909f56bfc062723c751e8b465ee728b)  -> (artifact id: '3b970b4ca8d44412fdccfb2402fe18b0') in 0.026045 seconds 
========================================================================
Received Import Request.
  Time since last request: 0.000033 seconds.
  path: Assets/Robbie/Textures/hand_diffuse.psd
  artifactKey: Guid(a9a2907d84ab08e409eb9ba64ff634d2) Importer(815301076,1909f56bfc062723c751e8b465ee728b)
Start importing Assets/Robbie/Textures/hand_diffuse.psd using Guid(a9a2907d84ab08e409eb9ba64ff634d2) Importer(815301076,1909f56bfc062723c751e8b465ee728b)  -> (artifact id: '79b911e6d545e1dc5aa0370f3ba513f2') in 0.016532 seconds 
========================================================================
Received Import Request.
  Time since last request: 0.000031 seconds.
  path: Assets/Robbie/Textures/hand_spec.psd
  artifactKey: Guid(28fd9e2b6e005e141b0ef43626653d45) Importer(815301076,1909f56bfc062723c751e8b465ee728b)
Start importing Assets/Robbie/Textures/hand_spec.psd using Guid(28fd9e2b6e005e141b0ef43626653d45) Importer(815301076,1909f56bfc062723c751e8b465ee728b)  -> (artifact id: '4d9e12dceb21edcbe43fcd44bb8de988') in 0.015473 seconds 
========================================================================
Received Import Request.
  Time since last request: 0.000026 seconds.
  path: Assets/Robbie/Textures/head_diffuse_skin.psd
  artifactKey: Guid(464285d4ae05c3e42a870c2653bace72) Importer(815301076,1909f56bfc062723c751e8b465ee728b)
Start importing Assets/Robbie/Textures/head_diffuse_skin.psd using Guid(464285d4ae05c3e42a870c2653bace72) Importer(815301076,1909f56bfc062723c751e8b465ee728b)  -> (artifact id: '382efffb868bedd35052a4c38361e2c3') in 0.024213 seconds 
========================================================================
Received Import Request.
  Time since last request: 0.803886 seconds.
  path: Assets/Robbie/Textures/leg_normal.psd
  artifactKey: Guid(6b4c3233f3d47f14fb1ebc2c4cca9da9) Importer(815301076,1909f56bfc062723c751e8b465ee728b)
Start importing Assets/Robbie/Textures/leg_normal.psd using Guid(6b4c3233f3d47f14fb1ebc2c4cca9da9) Importer(815301076,1909f56bfc062723c751e8b465ee728b)  -> (artifact id: '220b78d826a2a1162ed2dc3e1bf4eac8') in 0.015255 seconds 
========================================================================
Received Import Request.
  Time since last request: 0.021985 seconds.
  path: Assets/Robbie/Textures/leg_spec.psd
  artifactKey: Guid(770b8cd81ba11ff4bbd532d830ef0649) Importer(815301076,1909f56bfc062723c751e8b465ee728b)
Start importing Assets/Robbie/Textures/leg_spec.psd using Guid(770b8cd81ba11ff4bbd532d830ef0649) Importer(815301076,1909f56bfc062723c751e8b465ee728b)  -> (artifact id: '70c876ba090384f067f018c08426c0e7') in 0.014416 seconds 
========================================================================
Received Import Request.
  Time since last request: 0.329066 seconds.
  path: Assets/Robbie/Textures/torso_normal.psd
  artifactKey: Guid(ff2a8415bbb95b24d8dad0cbc0b9292b) Importer(815301076,1909f56bfc062723c751e8b465ee728b)
Start importing Assets/Robbie/Textures/torso_normal.psd using Guid(ff2a8415bbb95b24d8dad0cbc0b9292b) Importer(815301076,1909f56bfc062723c751e8b465ee728b)  -> (artifact id: 'da7df9736d372e5e013c659f45e08109') in 0.014617 seconds 
Editor requested this worker to shutdown with reason: Scaling down because of idle timeout
AssetImportWorker is now disconnected from the server
Process exiting
Exiting without the bug reporter. Application will terminate with return code 0