Using pre-set license
Built from '2021.3/china_unity/release' branch; Version is '2021.3.4f1c1 (64682593795a) revision 6580261'; Using compiler version '192829333'; Build Type 'Release'
OS: 'Windows 11  (10.0.22000) 64bit CoreCountrySpecific' Language: 'zh' Physical Memory: 16303 MB
BatchMode: 1, IsHumanControllingUs: 0, StartBugReporterOnCrash: 0, Is64bit: 1, IsPro: 1

COMMAND LINE ARGUMENTS:
D:\Program Files\Editor\2021.3.4f1c1\Editor\Unity.exe
-adb2
-batchMode
-noUpm
-name
AssetImportWorker1
-projectPath
D:/UnityProjects/RobbieLearning_Unity2D/Robbie
-logFile
Logs/AssetImportWorker1.log
-srvPort
14393
Successfully changed project path to: D:/UnityProjects/RobbieLearning_Unity2D/Robbie
D:/UnityProjects/RobbieLearning_Unity2D/Robbie
[UnityMemory] Configuration Parameters - Can be set up in boot.config
    "memorysetup-bucket-allocator-granularity=16"
    "memorysetup-bucket-allocator-bucket-count=8"
    "memorysetup-bucket-allocator-block-size=33554432"
    "memorysetup-bucket-allocator-block-count=8"
    "memorysetup-main-allocator-block-size=16777216"
    "memorysetup-thread-allocator-block-size=16777216"
    "memorysetup-gfx-main-allocator-block-size=16777216"
    "memorysetup-gfx-thread-allocator-block-size=16777216"
    "memorysetup-cache-allocator-block-size=4194304"
    "memorysetup-typetree-allocator-block-size=2097152"
    "memorysetup-profiler-bucket-allocator-granularity=16"
    "memorysetup-profiler-bucket-allocator-bucket-count=8"
    "memorysetup-profiler-bucket-allocator-block-size=33554432"
    "memorysetup-profiler-bucket-allocator-block-count=8"
    "memorysetup-profiler-allocator-block-size=16777216"
    "memorysetup-profiler-editor-allocator-block-size=1048576"
    "memorysetup-temp-allocator-size-main=16777216"
    "memorysetup-job-temp-allocator-block-size=2097152"
    "memorysetup-job-temp-allocator-block-size-background=1048576"
    "memorysetup-job-temp-allocator-reduction-small-platforms=262144"
    "memorysetup-temp-allocator-size-background-worker=32768"
    "memorysetup-temp-allocator-size-job-worker=262144"
    "memorysetup-temp-allocator-size-preload-manager=33554432"
    "memorysetup-temp-allocator-size-nav-mesh-worker=65536"
    "memorysetup-temp-allocator-size-audio-worker=65536"
    "memorysetup-temp-allocator-size-cloud-worker=32768"
    "memorysetup-temp-allocator-size-gi-baking-worker=262144"
    "memorysetup-temp-allocator-size-gfx=262144"
AS: AutoStreaming module initializing.
Refreshing native plugins compatible for Editor in 120.11 ms, found 4 plugins.
Preloading 0 native plugins for Editor in 0.00 ms.
Initialize engine version: 2021.3.4f1c1 (64682593795a)
[Subsystems] Discovering subsystems at path D:/Program Files/Editor/2021.3.4f1c1/Editor/Data/Resources/UnitySubsystems
[Subsystems] Discovering subsystems at path D:/UnityProjects/RobbieLearning_Unity2D/Robbie/Assets
GfxDevice: creating device client; threaded=0; jobified=0
Direct3D:
    Version:  Direct3D 11.0 [level 11.1]
    Renderer: NVIDIA GeForce GTX 1660 Ti (ID=0x2191)
    Vendor:   NVIDIA
    VRAM:     5991 MB
    Driver:   27.21.14.5749
Initialize mono
Mono path[0] = 'D:/Program Files/Editor/2021.3.4f1c1/Editor/Data/Managed'
Mono path[1] = 'D:/Program Files/Editor/2021.3.4f1c1/Editor/Data/MonoBleedingEdge/lib/mono/unityjit-win32'
Mono config path = 'D:/Program Files/Editor/2021.3.4f1c1/Editor/Data/MonoBleedingEdge/etc'
Using monoOptions --debugger-agent=transport=dt_socket,embedding=1,server=y,suspend=n,address=127.0.0.1:56844
Begin MonoManager ReloadAssembly
Registering precompiled unity dll's ...
Register platform support module: D:/Program Files/Editor/2021.3.4f1c1/Editor/Data/PlaybackEngines/WebGLSupport/UnityEditor.WebGL.Extensions.dll
Register platform support module: D:/Program Files/Editor/2021.3.4f1c1/Editor/Data/PlaybackEngines/WindowsStandaloneSupport/UnityEditor.WindowsStandalone.Extensions.dll
Registered in 0.005894 seconds.
Native extension for WindowsStandalone target not found
Native extension for WebGL target not found
Refreshing native plugins compatible for Editor in 104.05 ms, found 4 plugins.
Preloading 0 native plugins for Editor in 0.00 ms.
Mono: successfully reloaded assembly
- Completed reload, in  0.788 seconds
Domain Reload Profiling:
	ReloadAssembly (788ms)
		BeginReloadAssembly (120ms)
			ExecutionOrderSort (0ms)
			DisableScriptedObjects (0ms)
			BackupInstance (0ms)
			ReleaseScriptingObjects (0ms)
			CreateAndSetChildDomain (1ms)
		EndReloadAssembly (537ms)
			LoadAssemblies (113ms)
			RebuildTransferFunctionScriptingTraits (0ms)
			SetupTypeCache (141ms)
			ReleaseScriptCaches (0ms)
			RebuildScriptCaches (30ms)
			SetupLoadedEditorAssemblies (305ms)
				LogAssemblyErrors (0ms)
				InitializePlatformSupportModulesInManaged (8ms)
				SetLoadedEditorAssemblies (0ms)
				RefreshPlugins (104ms)
				BeforeProcessingInitializeOnLoad (1ms)
				ProcessInitializeOnLoadAttributes (132ms)
				ProcessInitializeOnLoadMethodAttributes (60ms)
				AfterProcessingInitializeOnLoad (0ms)
				EditorAssembliesLoaded (0ms)
			ExecutionOrderSort2 (0ms)
			AwakeInstancesAfterBackupRestoration (0ms)
Platform modules already initialized, skipping
Registering precompiled user dll's ...
Registered in 0.029647 seconds.
Begin MonoManager ReloadAssembly
Symbol file LoadedFromMemory doesn't match image D:\UnityProjects\RobbieLearning_Unity2D\Robbie\Library\PackageCache\com.unity.visualscripting@1.7.8\Editor\VisualScripting.Core\Dependencies\YamlDotNet\Unity.VisualScripting.YamlDotNet.dll
Symbol file LoadedFromMemory doesn't match image D:\UnityProjects\RobbieLearning_Unity2D\Robbie\Library\PackageCache\com.unity.visualscripting@1.7.8\Editor\VisualScripting.Core\Dependencies\DotNetZip\Unity.VisualScripting.IonicZip.dll
Native extension for WindowsStandalone target not found
Native extension for WebGL target not found
Refreshing native plugins compatible for Editor in 110.76 ms, found 4 plugins.
Preloading 0 native plugins for Editor in 0.00 ms.
Mono: successfully reloaded assembly
- Completed reload, in  1.386 seconds
Domain Reload Profiling:
	ReloadAssembly (1387ms)
		BeginReloadAssembly (167ms)
			ExecutionOrderSort (0ms)
			DisableScriptedObjects (6ms)
			BackupInstance (0ms)
			ReleaseScriptingObjects (0ms)
			CreateAndSetChildDomain (19ms)
		EndReloadAssembly (1067ms)
			LoadAssemblies (167ms)
			RebuildTransferFunctionScriptingTraits (0ms)
			SetupTypeCache (263ms)
			ReleaseScriptCaches (1ms)
			RebuildScriptCaches (57ms)
			SetupLoadedEditorAssemblies (550ms)
				LogAssemblyErrors (0ms)
				InitializePlatformSupportModulesInManaged (5ms)
				SetLoadedEditorAssemblies (0ms)
				RefreshPlugins (111ms)
				BeforeProcessingInitializeOnLoad (111ms)
				ProcessInitializeOnLoadAttributes (261ms)
				ProcessInitializeOnLoadMethodAttributes (44ms)
				AfterProcessingInitializeOnLoad (17ms)
				EditorAssembliesLoaded (0ms)
			ExecutionOrderSort2 (0ms)
			AwakeInstancesAfterBackupRestoration (9ms)
Platform modules already initialized, skipping
========================================================================
Worker process is ready to serve import requests
Launched and connected shader compiler UnityShaderCompiler.exe after 0.11 seconds
Refreshing native plugins compatible for Editor in 1.30 ms, found 4 plugins.
Preloading 0 native plugins for Editor in 0.00 ms.
Unloading 4090 Unused Serialized files (Serialized files now loaded: 0)
Unloading 44 unused Assets / (222.9 KB). Loaded Objects now: 4541.
Memory consumption went from 154.6 MB to 154.4 MB.
Total: 3.927900 ms (FindLiveObjects: 0.336600 ms CreateObjectMapping: 0.267700 ms MarkObjects: 3.161300 ms  DeleteObjects: 0.161400 ms)

AssetImportParameters requested are different than current active one (requested -> active):
  custom:video-decoder-ogg-theora: a1e56fd34408186e4bbccfd4996cb3dc -> 
  custom:container-muxer-webm: aa71ff27fc2769a1b78a27578f13a17b -> 
  custom:container-demuxer-webm: 4f35f7cbe854078d1ac9338744f61a02 -> 
  custom:video-encoder-webm-vp8: eb34c28f22e8b96e1ab97ce403110664 -> 
  custom:video-codec-MediaFoundation-h265: 746d11721c4dcdbdad8f713fa42b33f4 -> 
  custom:audio-encoder-webm-vorbis: bf7c407c2cedff20999df2af8eb42d56 -> 
  custom:framework-win-MediaFoundation: 216162199b28c13a410421893ffa2e32 -> 
  custom:container-demuxer-ogg: 62fdf1f143b41e24485cea50d1cbac27 -> 
  custom:video-decoder-webm-vp8: 9c59270c3fd7afecdb556c50c9e8de78 -> 
  custom:audio-decoder-ogg-vorbis: bf7c407c2cedff20999df2af8eb42d56 -> 
========================================================================
Received Import Request.
  Time since last request: 612397.714021 seconds.
  path: Assets/CinemachineLensPresets.asset
  artifactKey: Guid(57a0030b676335d47b0fe703525c8322) Importer(815301076,1909f56bfc062723c751e8b465ee728b)
Start importing Assets/CinemachineLensPresets.asset using Guid(57a0030b676335d47b0fe703525c8322) Importer(815301076,1909f56bfc062723c751e8b465ee728b)  -> (artifact id: 'c8b1b12b348e9a2f0614818ca853f7ce') in 0.057904 seconds 
========================================================================
Received Import Request.
  Time since last request: 1558.752647 seconds.
  path: Assets/Props/Materials/Hanging Lamp.mat
  artifactKey: Guid(efbf7ff22a16a414e9a98f761c0edc65) Importer(815301076,1909f56bfc062723c751e8b465ee728b)
Start importing Assets/Props/Materials/Hanging Lamp.mat using Guid(efbf7ff22a16a414e9a98f761c0edc65) Importer(815301076,1909f56bfc062723c751e8b465ee728b)  -> (artifact id: '97f8fe4b8dd1dae7cc636362569d055a') in 0.599707 seconds 
========================================================================
Received Import Request.
  Time since last request: 0.000041 seconds.
  path: Assets/Props/Sprites/Wall Torch Diff.psd
  artifactKey: Guid(6f04504c2ec348a459042d5ca15071ef) Importer(815301076,1909f56bfc062723c751e8b465ee728b)
Start importing Assets/Props/Sprites/Wall Torch Diff.psd using Guid(6f04504c2ec348a459042d5ca15071ef) Importer(815301076,1909f56bfc062723c751e8b465ee728b)  -> (artifact id: 'cbf64a76d51f62fc353c78384d211437') in 0.062481 seconds 
========================================================================
Received Import Request.
  Time since last request: 0.000049 seconds.
  path: Assets/Props/Sprites/Pedestal Spec.psd
  artifactKey: Guid(c954e885887f5554da9c48d468798e9a) Importer(815301076,1909f56bfc062723c751e8b465ee728b)
Start importing Assets/Props/Sprites/Pedestal Spec.psd using Guid(c954e885887f5554da9c48d468798e9a) Importer(815301076,1909f56bfc062723c751e8b465ee728b)  -> (artifact id: '7c5be07f4a335146f863df0022574025') in 0.033592 seconds 
========================================================================
Received Import Request.
  Time since last request: 0.000030 seconds.
  path: Assets/Props/Materials/Orb.mat
  artifactKey: Guid(911f5d47c0d82bc4081e3b54f78de5be) Importer(815301076,1909f56bfc062723c751e8b465ee728b)
Start importing Assets/Props/Materials/Orb.mat using Guid(911f5d47c0d82bc4081e3b54f78de5be) Importer(815301076,1909f56bfc062723c751e8b465ee728b)  -> (artifact id: '32d2dd23ae0bd2a7ca07fd3e3ca9c6d3') in 0.388059 seconds 
========================================================================
Received Import Request.
  Time since last request: 0.000034 seconds.
  path: Assets/Props/Materials/Wall Torch.mat
  artifactKey: Guid(a642b8d0b4b2fd54da04c4d0d1d9c979) Importer(815301076,1909f56bfc062723c751e8b465ee728b)
Start importing Assets/Props/Materials/Wall Torch.mat using Guid(a642b8d0b4b2fd54da04c4d0d1d9c979) Importer(815301076,1909f56bfc062723c751e8b465ee728b)  -> (artifact id: 'af37506b2d438dd49eaf4046c24d7b55') in 0.465006 seconds 
========================================================================
Received Import Request.
  Time since last request: 2.368481 seconds.
  path: Assets/Robbie/Materials/Hand2.mat
  artifactKey: Guid(c35076801cb4d234c98d66a31c6abd2b) Importer(815301076,1909f56bfc062723c751e8b465ee728b)
Start importing Assets/Robbie/Materials/Hand2.mat using Guid(c35076801cb4d234c98d66a31c6abd2b) Importer(815301076,1909f56bfc062723c751e8b465ee728b)  -> (artifact id: '11ac58f05564e26859dec6b87ada85b5') in 0.018794 seconds 
========================================================================
Received Import Request.
  Time since last request: 0.000021 seconds.
  path: Assets/Robbie/Materials/Torso.mat
  artifactKey: Guid(166aa3f1de8ee474a9d7dbc22c4f6bc3) Importer(815301076,1909f56bfc062723c751e8b465ee728b)
Start importing Assets/Robbie/Materials/Torso.mat using Guid(166aa3f1de8ee474a9d7dbc22c4f6bc3) Importer(815301076,1909f56bfc062723c751e8b465ee728b)  -> (artifact id: '5363e8ad4fb103abb3445400705a4383') in 0.024580 seconds 
========================================================================
Received Import Request.
  Time since last request: 0.000034 seconds.
  path: Assets/Robbie/Materials/OutlineTorso.mat
  artifactKey: Guid(fc24142f827f24c47ba3d19b6e1a5292) Importer(815301076,1909f56bfc062723c751e8b465ee728b)
Start importing Assets/Robbie/Materials/OutlineTorso.mat using Guid(fc24142f827f24c47ba3d19b6e1a5292) Importer(815301076,1909f56bfc062723c751e8b465ee728b)  -> (artifact id: '5ed2d50b54885a8e9e41815b1d79cbfb') in 0.047380 seconds 
========================================================================
Received Import Request.
  Time since last request: 0.000031 seconds.
  path: Assets/Robbie/Materials/Head Outline.mat
  artifactKey: Guid(a3818a03bb28d8e41b7c68c442793a45) Importer(815301076,1909f56bfc062723c751e8b465ee728b)
Start importing Assets/Robbie/Materials/Head Outline.mat using Guid(a3818a03bb28d8e41b7c68c442793a45) Importer(815301076,1909f56bfc062723c751e8b465ee728b)  -> (artifact id: '3a76c56710fecceafa6f71fcf233264b') in 0.020504 seconds 
========================================================================
Received Import Request.
  Time since last request: 0.000045 seconds.
  path: Assets/Robbie/Materials/Head.mat
  artifactKey: Guid(a83a1896dc727304a9f119b94d73173b) Importer(815301076,1909f56bfc062723c751e8b465ee728b)
Start importing Assets/Robbie/Materials/Head.mat using Guid(a83a1896dc727304a9f119b94d73173b) Importer(815301076,1909f56bfc062723c751e8b465ee728b)  -> (artifact id: '95a226dd0d671bf076b9be49eb1da365') in 0.022108 seconds 
========================================================================
Received Import Request.
  Time since last request: 0.680947 seconds.
  path: Assets/Robbie/Robbie_Body.prefab
  artifactKey: Guid(09853a837a6d1dd4ab1908a16c1f7937) Importer(815301076,1909f56bfc062723c751e8b465ee728b)
Start importing Assets/Robbie/Robbie_Body.prefab using Guid(09853a837a6d1dd4ab1908a16c1f7937) Importer(815301076,1909f56bfc062723c751e8b465ee728b)  -> (artifact id: 'b4baaf235e9b818a5aa539e55c28bfa6') in 0.115061 seconds 
========================================================================
Received Import Request.
  Time since last request: 48.086351 seconds.
  path: Assets/Level/Sprites/Foreground Shadows/Plant1.png
  artifactKey: Guid(95beb9b8323b9be448ac1b9614f8b20d) Importer(815301076,1909f56bfc062723c751e8b465ee728b)
Start importing Assets/Level/Sprites/Foreground Shadows/Plant1.png using Guid(95beb9b8323b9be448ac1b9614f8b20d) Importer(815301076,1909f56bfc062723c751e8b465ee728b)  -> (artifact id: '92e6a6de274ad436105c31fef1bbe184') in 0.175633 seconds 
========================================================================
Received Import Request.
  Time since last request: 0.018580 seconds.
  path: Assets/Level/Sprites/Foreground Shadows/Vines1.png
  artifactKey: Guid(8d78b383c69954d41afa50d69b21dac8) Importer(815301076,1909f56bfc062723c751e8b465ee728b)
Start importing Assets/Level/Sprites/Foreground Shadows/Vines1.png using Guid(8d78b383c69954d41afa50d69b21dac8) Importer(815301076,1909f56bfc062723c751e8b465ee728b)  -> (artifact id: '5e5d38d31aa9776747bbca49457c583d') in 0.053808 seconds 
========================================================================
Received Import Request.
  Time since last request: 0.000041 seconds.
  path: Assets/Level/Sprites/Foreground Shadows/Plant2.png
  artifactKey: Guid(a0fa5d20d3ae8d042a22aa3b5505590f) Importer(815301076,1909f56bfc062723c751e8b465ee728b)
Start importing Assets/Level/Sprites/Foreground Shadows/Plant2.png using Guid(a0fa5d20d3ae8d042a22aa3b5505590f) Importer(815301076,1909f56bfc062723c751e8b465ee728b)  -> (artifact id: '4b17dafd3303b5de958705da72a47f53') in 0.062545 seconds 
========================================================================
Received Import Request.
  Time since last request: 0.000503 seconds.
  path: Assets/Level/Sprites/Foreground Shadows/Plant5.png
  artifactKey: Guid(29cb64f1c92121e499859bf47f529012) Importer(815301076,1909f56bfc062723c751e8b465ee728b)
Start importing Assets/Level/Sprites/Foreground Shadows/Plant5.png using Guid(29cb64f1c92121e499859bf47f529012) Importer(815301076,1909f56bfc062723c751e8b465ee728b)  -> (artifact id: '6b13abdc3e40ddee43d3460f5f0ce4c9') in 0.042552 seconds 
========================================================================
Received Import Request.
  Time since last request: 0.000060 seconds.
  path: Assets/Level/Sprites/Foreground Shadows/Plant3.png
  artifactKey: Guid(639506fa6b98e7b4aaba8bd05c3482db) Importer(815301076,1909f56bfc062723c751e8b465ee728b)
Start importing Assets/Level/Sprites/Foreground Shadows/Plant3.png using Guid(639506fa6b98e7b4aaba8bd05c3482db) Importer(815301076,1909f56bfc062723c751e8b465ee728b)  -> (artifact id: '7d6351344423415928d26e64af8ce4b1') in 0.052329 seconds 
========================================================================
Received Import Request.
  Time since last request: 0.279396 seconds.
  path: Assets/Level/Sprites/Platforms.png
  artifactKey: Guid(874592d94aa49c546836b54862923700) Importer(815301076,1909f56bfc062723c751e8b465ee728b)
Start importing Assets/Level/Sprites/Platforms.png using Guid(874592d94aa49c546836b54862923700) Importer(815301076,1909f56bfc062723c751e8b465ee728b)  -> (artifact id: '841f423ecf28e7f5e6f36b09e761a35a') in 0.101337 seconds 
Editor requested this worker to shutdown with reason: Scaling down because of idle timeout
AssetImportWorker is now disconnected from the server
Process exiting
Exiting without the bug reporter. Application will terminate with return code 0